<?xml version="1.0" encoding="UTF-8"?><testsuite errors="1" failures="0" name="Challenge Choucair" skipped="0" tests="1" time="1.14" timestamp="2021-10-28 02:18:07"><testcase name="search the uTest site"><error message="Could not instantiate class org.openqa.selenium.firefox.FirefoxDriver" type="net.thucydides.core.webdriver.DriverConfigurationError">Could not instantiate class org.openqa.selenium.firefox.FirefoxDriver</error><system-err>Could not instantiate class org.openqa.selenium.firefox.FirefoxDriver&#13;
co.com.choucair.certificaction.proyectoreto.tasks.OpenUp.performAs(OpenUp.java:18)&#13;
co.com.choucair.certification.proyectoreto.stepdefinitions.ChoucairChallengerStepDefinitions.thatSebasKnowWantsToRegisterOnTheUtestSite(ChoucairChallengerStepDefinitions.java:21)&#13;
cucumber.runner.Runner.runPickle(Runner.java:80)&#13;
</system-err></testcase></testsuite>